<?xml version="1.0" encoding="UTF-8"?>
<!-- Generated by org.testng.reporters.JUnitReportReporter -->
<testsuite skipped="0" hostname="SHRUJIND-IN" name="com.org.picsartapp.Test.JsonSchemaValidatorTest" tests="2" failures="0" timestamp="02 Dec 2021 05:47:15 GMT" time="8.075" errors="0">
  <testcase name="photoEditorSchemaTest" time="2.570" classname="com.org.picsartapp.Test.JsonSchemaValidatorTest"/>
  <testcase name="photoEditorSchemaNegTest" time="5.505" classname="com.org.picsartapp.Test.JsonSchemaValidatorTest"/>
</testsuite> <!-- com.org.picsartapp.Test.JsonSchemaValidatorTest -->
