<?xml version="1.0" encoding="UTF-8"?>
<!-- Generated by org.testng.reporters.JUnitReportReporter -->
<testsuite skipped="0" hostname="SHRUJIND-IN" name="com.org.picsartapp.Test.LoginLogoutTest" tests="1" failures="0" timestamp="02 Dec 2021 12:16:32 GMT" time="19.193" errors="0">
  <testcase name="clickCreateTest" time="19.193" classname="com.org.picsartapp.Test.LoginLogoutTest"/>
</testsuite> <!-- com.org.picsartapp.Test.LoginLogoutTest -->
