<?xml version="1.0" encoding="UTF-8"?>
<!-- Generated by org.testng.reporters.JUnitReportReporter -->
<testsuite skipped="0" hostname="SHRUJIND-IN" name="com.org.picsartapp.Test.LinkTest" tests="1" failures="0" timestamp="01 Dec 2021 13:39:17 GMT" time="5966.902" errors="0">
  <testcase name="clickLinkTest" time="5966.902" classname="com.org.picsartapp.Test.LinkTest"/>
</testsuite> <!-- com.org.picsartapp.Test.LinkTest -->
