<?xml version="1.0" encoding="UTF-8"?>
<!-- Generated by org.testng.reporters.JUnitReportReporter -->
<testsuite skipped="0" hostname="SHRUJIND-IN" name="com.org.picsartapp.Test.LoginLogoutTest" tests="1" failures="0" timestamp="2021-12-02T17:59:24 IST" time="18.640" errors="0">
  <testcase name="clickCreateTest" time="18.640" classname="com.org.picsartapp.Test.LoginLogoutTest"/>
  <system-out/>
</testsuite> <!-- com.org.picsartapp.Test.LoginLogoutTest -->
