<?xml version="1.0" encoding="UTF-8"?>
<!-- Generated by org.testng.reporters.JUnitReportReporter -->
<testsuite skipped="0" hostname="SHRUJIND-IN" name="com.org.picsartapp.Test.JsonSchemaValidatorTest" tests="1" failures="0" timestamp="2021-12-02T17:59:24 IST" time="5.367" errors="0">
  <testcase name="photoEditorSchemaTest" time="5.367" classname="com.org.picsartapp.Test.JsonSchemaValidatorTest"/>
  <system-out/>
</testsuite> <!-- com.org.picsartapp.Test.JsonSchemaValidatorTest -->
